  stdafx.cpp
  CallbackInputManager.cpp
C:\Users\jacob\Documents\_Dev\Chrono-Pause-V2\Chrono-Pause-V2\HighLevelAPI\src\CallbackInputManager.cpp(13,63): warning C4100: 'window': unreferenced formal parameter
C:\Users\jacob\Documents\_Dev\Chrono-Pause-V2\Chrono-Pause-V2\HighLevelAPI\src\CallbackInputManager.cpp(17,81): warning C4100: 'xoffset': unreferenced formal parameter
C:\Users\jacob\Documents\_Dev\Chrono-Pause-V2\Chrono-Pause-V2\HighLevelAPI\src\CallbackInputManager.cpp(17,66): warning C4100: 'window': unreferenced formal parameter
C:\Users\jacob\Documents\_Dev\Chrono-Pause-V2\Chrono-Pause-V2\HighLevelAPI\src\CallbackInputManager.cpp(21,101): warning C4100: 'mods': unreferenced formal parameter
C:\Users\jacob\Documents\_Dev\Chrono-Pause-V2\Chrono-Pause-V2\HighLevelAPI\src\CallbackInputManager.cpp(21,65): warning C4100: 'window': unreferenced formal parameter
C:\Users\jacob\Documents\_Dev\Chrono-Pause-V2\Chrono-Pause-V2\HighLevelAPI\src\CallbackInputManager.cpp(31,104): warning C4100: 'mods': unreferenced formal parameter
C:\Users\jacob\Documents\_Dev\Chrono-Pause-V2\Chrono-Pause-V2\HighLevelAPI\src\CallbackInputManager.cpp(31,78): warning C4100: 'scancode': unreferenced formal parameter
  CameraController.cpp
  ColliderLine.cpp
  FileOpenHelper.cpp
C:\Users\jacob\Documents\_Dev\Chrono-Pause-V2\Chrono-Pause-V2\HighLevelAPI\src\CallbackInputManager.cpp(31,57): warning C4100: 'window': unreferenced formal parameter
C:\Program Files (x86)\Microsoft Visual Studio\2019\Community\VC\Tools\MSVC\14.23.28105\include\xstring(2355,23): warning C4244: 'argument': conversion from 'wchar_t' to 'const _Elem', possible loss of data
C:\Program Files (x86)\Microsoft Visual Studio\2019\Community\VC\Tools\MSVC\14.23.28105\include\xstring(2355,23): warning C4244:         with
C:\Program Files (x86)\Microsoft Visual Studio\2019\Community\VC\Tools\MSVC\14.23.28105\include\xstring(2355,23): warning C4244:         [
C:\Program Files (x86)\Microsoft Visual Studio\2019\Community\VC\Tools\MSVC\14.23.28105\include\xstring(2355,23): warning C4244:             _Elem=char
C:\Program Files (x86)\Microsoft Visual Studio\2019\Community\VC\Tools\MSVC\14.23.28105\include\xstring(2355,23): warning C4244:         ]
C:\Program Files (x86)\Microsoft Visual Studio\2019\Community\VC\Tools\MSVC\14.23.28105\include\xstring(2366): message : see reference to function template instantiation 'void std::basic_string<char,std::char_traits<char>,std::allocator<char>>::_Construct<wchar_t*>(_Iter,const _Iter,std::input_iterator_tag)' being compiled
C:\Program Files (x86)\Microsoft Visual Studio\2019\Community\VC\Tools\MSVC\14.23.28105\include\xstring(2366): message :         with
C:\Program Files (x86)\Microsoft Visual Studio\2019\Community\VC\Tools\MSVC\14.23.28105\include\xstring(2366): message :         [
C:\Program Files (x86)\Microsoft Visual Studio\2019\Community\VC\Tools\MSVC\14.23.28105\include\xstring(2366): message :             _Iter=wchar_t *
C:\Program Files (x86)\Microsoft Visual Studio\2019\Community\VC\Tools\MSVC\14.23.28105\include\xstring(2366): message :         ]
C:\Program Files (x86)\Microsoft Visual Studio\2019\Community\VC\Tools\MSVC\14.23.28105\include\xstring(2366): message : see reference to function template instantiation 'void std::basic_string<char,std::char_traits<char>,std::allocator<char>>::_Construct<wchar_t*>(_Iter,const _Iter,std::input_iterator_tag)' being compiled
C:\Program Files (x86)\Microsoft Visual Studio\2019\Community\VC\Tools\MSVC\14.23.28105\include\xstring(2366): message :         with
C:\Program Files (x86)\Microsoft Visual Studio\2019\Community\VC\Tools\MSVC\14.23.28105\include\xstring(2366): message :         [
C:\Program Files (x86)\Microsoft Visual Studio\2019\Community\VC\Tools\MSVC\14.23.28105\include\xstring(2366): message :             _Iter=wchar_t *
C:\Program Files (x86)\Microsoft Visual Studio\2019\Community\VC\Tools\MSVC\14.23.28105\include\xstring(2366): message :         ]
C:\Program Files (x86)\Microsoft Visual Studio\2019\Community\VC\Tools\MSVC\14.23.28105\include\xstring(2346): message : see reference to function template instantiation 'void std::basic_string<char,std::char_traits<char>,std::allocator<char>>::_Construct<wchar_t*>(const _Iter,const _Iter,std::forward_iterator_tag)' being compiled
C:\Program Files (x86)\Microsoft Visual Studio\2019\Community\VC\Tools\MSVC\14.23.28105\include\xstring(2346): message :         with
C:\Program Files (x86)\Microsoft Visual Studio\2019\Community\VC\Tools\MSVC\14.23.28105\include\xstring(2346): message :         [
C:\Program Files (x86)\Microsoft Visual Studio\2019\Community\VC\Tools\MSVC\14.23.28105\include\xstring(2346): message :             _Iter=wchar_t *
C:\Program Files (x86)\Microsoft Visual Studio\2019\Community\VC\Tools\MSVC\14.23.28105\include\xstring(2346): message :         ]
C:\Program Files (x86)\Microsoft Visual Studio\2019\Community\VC\Tools\MSVC\14.23.28105\include\xstring(2346): message : see reference to function template instantiation 'void std::basic_string<char,std::char_traits<char>,std::allocator<char>>::_Construct<wchar_t*>(const _Iter,const _Iter,std::forward_iterator_tag)' being compiled
C:\Program Files (x86)\Microsoft Visual Studio\2019\Community\VC\Tools\MSVC\14.23.28105\include\xstring(2346): message :         with
C:\Program Files (x86)\Microsoft Visual Studio\2019\Community\VC\Tools\MSVC\14.23.28105\include\xstring(2346): message :         [
C:\Program Files (x86)\Microsoft Visual Studio\2019\Community\VC\Tools\MSVC\14.23.28105\include\xstring(2346): message :             _Iter=wchar_t *
C:\Program Files (x86)\Microsoft Visual Studio\2019\Community\VC\Tools\MSVC\14.23.28105\include\xstring(2346): message :         ]
C:\Users\jacob\Documents\_Dev\Chrono-Pause-V2\Chrono-Pause-V2\HighLevelAPI\src\FileOpenHelper.cpp(62): message : see reference to function template instantiation 'std::basic_string<char,std::char_traits<char>,std::allocator<char>>::basic_string<std::_String_iterator<std::_String_val<std::_Simple_types<_Elem>>>,void>(_Iter,_Iter,const _Alloc &)' being compiled
C:\Users\jacob\Documents\_Dev\Chrono-Pause-V2\Chrono-Pause-V2\HighLevelAPI\src\FileOpenHelper.cpp(62): message :         with
C:\Users\jacob\Documents\_Dev\Chrono-Pause-V2\Chrono-Pause-V2\HighLevelAPI\src\FileOpenHelper.cpp(62): message :         [
C:\Users\jacob\Documents\_Dev\Chrono-Pause-V2\Chrono-Pause-V2\HighLevelAPI\src\FileOpenHelper.cpp(62): message :             _Elem=wchar_t,
C:\Users\jacob\Documents\_Dev\Chrono-Pause-V2\Chrono-Pause-V2\HighLevelAPI\src\FileOpenHelper.cpp(62): message :             _Iter=std::_String_iterator<std::_String_val<std::_Simple_types<wchar_t>>>,
C:\Users\jacob\Documents\_Dev\Chrono-Pause-V2\Chrono-Pause-V2\HighLevelAPI\src\FileOpenHelper.cpp(62): message :             _Alloc=std::allocator<char>
C:\Users\jacob\Documents\_Dev\Chrono-Pause-V2\Chrono-Pause-V2\HighLevelAPI\src\FileOpenHelper.cpp(62): message :         ]
  SpaceManager.cpp
  Animation.cpp
  Collider.cpp
  ColliderCircle.cpp
  ColliderPoint.cpp
  ColliderRectangle.cpp
  ColliderTilemap.cpp
  Component.cpp
  GameObject.cpp
C:\Users\jacob\Documents\_Dev\Chrono-Pause-V2\Chrono-Pause-V2\HighLevelAPI\src\FileOpenHelper.cpp(62): message : see reference to function template instantiation 'std::basic_string<char,std::char_traits<char>,std::allocator<char>>::basic_string<std::_String_iterator<std::_String_val<std::_Simple_types<_Elem>>>,void>(_Iter,_Iter,const _Alloc &)' being compiled
C:\Users\jacob\Documents\_Dev\Chrono-Pause-V2\Chrono-Pause-V2\HighLevelAPI\src\FileOpenHelper.cpp(62): message :         with
C:\Users\jacob\Documents\_Dev\Chrono-Pause-V2\Chrono-Pause-V2\HighLevelAPI\src\FileOpenHelper.cpp(62): message :         [
C:\Users\jacob\Documents\_Dev\Chrono-Pause-V2\Chrono-Pause-V2\HighLevelAPI\src\FileOpenHelper.cpp(62): message :             _Elem=wchar_t,
C:\Users\jacob\Documents\_Dev\Chrono-Pause-V2\Chrono-Pause-V2\HighLevelAPI\src\FileOpenHelper.cpp(62): message :             _Iter=std::_String_iterator<std::_String_val<std::_Simple_types<wchar_t>>>,
C:\Users\jacob\Documents\_Dev\Chrono-Pause-V2\Chrono-Pause-V2\HighLevelAPI\src\FileOpenHelper.cpp(62): message :             _Alloc=std::allocator<char>
C:\Users\jacob\Documents\_Dev\Chrono-Pause-V2\Chrono-Pause-V2\HighLevelAPI\src\FileOpenHelper.cpp(62): message :         ]
C:\Users\jacob\Documents\_Dev\Chrono-Pause-V2\Chrono-Pause-V2\HighLevelAPI\src\GameObject.cpp(184,22): warning C4458: declaration of 'name' hides class member
  GameObjectFactory.cpp
  GameObjectManager.cpp
C:\Users\jacob\Documents\_Dev\Chrono-Pause-V2\Chrono-Pause-V2\LowLevelAPI\include\BetaObject.h(129,14): message : see declaration of 'BetaObject::name'
C:\Users\jacob\Documents\_Dev\Chrono-Pause-V2\Chrono-Pause-V2\HighLevelAPI\src\GameObjectManager.cpp(144,81): warning C4458: declaration of 'name' hides class member
  Intersection2D.cpp
  Level.cpp
C:\Users\jacob\Documents\_Dev\Chrono-Pause-V2\Chrono-Pause-V2\LowLevelAPI\include\BetaObject.h(129,14): message : see declaration of 'BetaObject::name'
C:\Users\jacob\Documents\_Dev\Chrono-Pause-V2\Chrono-Pause-V2\HighLevelAPI\src\Level.cpp(71,19): warning C4458: declaration of 'name' hides class member
  Matrix2DStudent.cpp
  MeshHelper.cpp
  Parser.cpp
  Generating Code...
  Compiling...
  Physics.cpp
  ResourceManager.cpp
  Serializable.cpp
  SoundManager.cpp
  Space.cpp
  Sprite.cpp
C:\Users\jacob\Documents\_Dev\Chrono-Pause-V2\Chrono-Pause-V2\LowLevelAPI\include\BetaObject.h(129,14): message : see declaration of 'BetaObject::name'
C:\Users\jacob\Documents\_Dev\Chrono-Pause-V2\Chrono-Pause-V2\HighLevelAPI\src\Sprite.cpp(60,20): warning C4458: declaration of 'ssName' hides class member
  SpriteSource.cpp
  SpriteText.cpp
  SpriteTilemap.cpp
  Tilemap.cpp
C:\Users\jacob\Documents\_Dev\Chrono-Pause-V2\Chrono-Pause-V2\HighLevelAPI\include\Sprite.h(144,14): message : see declaration of 'Sprite::ssName'
C:\Users\jacob\Documents\_Dev\Chrono-Pause-V2\Chrono-Pause-V2\HighLevelAPI\src\Tilemap.cpp(75,14): warning C4018: '>=': signed/unsigned mismatch
  Transform.cpp
  Generating Code...
C:\Users\jacob\Documents\_Dev\Chrono-Pause-V2\Chrono-Pause-V2\HighLevelAPI\src\Tilemap.cpp(75,51): warning C4018: '>=': signed/unsigned mismatch
fmodstudioL64_vc.lib(fmodstudioL64.dll) : warning LNK4006: __NULL_IMPORT_DESCRIPTOR already defined in fmodL64_vc.lib(fmodL64.dll); second definition ignored
AntTweakBar64.lib(AntTweakBar64.dll) : warning LNK4006: __NULL_IMPORT_DESCRIPTOR already defined in fmodL64_vc.lib(fmodL64.dll); second definition ignored
  HighLevelAPI.vcxproj -> C:\Users\jacob\Documents\_Dev\Chrono-Pause-V2\Chrono-Pause-V2\HighLevelAPI\\lib\BetaHigh_x64_D.lib
