  Button.cpp
  CameraMovement.cpp
  GameObjectButton.cpp
  GameObjectPlacer.cpp
  LevelEditorLevel.cpp
  LevelEditorUI.cpp
  LevelManagerLevel.cpp
  Main.cpp
  Menu.cpp
  MenuController.cpp
  Tab.cpp
  TileButton.cpp
  TileMapBrush.cpp
  Generating Code...
C:\Users\jacob\Documents\_Dev\Chrono-Pause-V2\Chrono-Pause-V2\LevelEditor\Source\CameraMovement.cpp(67,18): warning C4244: 'initializing': conversion from 'double' to 'int', possible loss of data
  LevelEditor.vcxproj -> C:\Users\jacob\Documents\_Dev\Chrono-Pause-V2\Chrono-Pause-V2\LevelEditor\\x64\Debug\LevelEditor.exe
  ..\fmod\lib\fmodL64.dll
  1 File(s) copied
  ..\fmod\lib\fmodstudioL64.dll
  1 File(s) copied
  ..\glfw\lib\x64\glfw3.dll
  1 File(s) copied
  ..\AntTweakBar\lib\AntTweakBar64.dll
  1 File(s) copied
