c:\users\jacob\documents\_dev\robotics\githubrepos\beta-level-editor\beta engine\leveleditor\x64\debug\vc141.pdb
c:\users\jacob\documents\_dev\robotics\githubrepos\beta-level-editor\beta engine\leveleditor\x64\debug\vc141.idb
c:\users\jacob\documents\_dev\robotics\githubrepos\beta-level-editor\beta engine\leveleditor\x64\debug\tilemapbrush.obj
c:\users\jacob\documents\_dev\robotics\githubrepos\beta-level-editor\beta engine\leveleditor\x64\debug\menucontroller.obj
c:\users\jacob\documents\_dev\robotics\githubrepos\beta-level-editor\beta engine\leveleditor\x64\debug\menu.obj
c:\users\jacob\documents\_dev\robotics\githubrepos\beta-level-editor\beta engine\leveleditor\x64\debug\levelmanagerlevel.obj
c:\users\jacob\documents\_dev\robotics\githubrepos\beta-level-editor\beta engine\leveleditor\x64\debug\leveleditorui.obj
c:\users\jacob\documents\_dev\robotics\githubrepos\beta-level-editor\beta engine\leveleditor\x64\debug\button.obj
c:\users\jacob\documents\_dev\robotics\githubrepos\beta-level-editor\beta engine\leveleditor\x64\debug\tilebutton.obj
c:\users\jacob\documents\_dev\robotics\githubrepos\beta-level-editor\beta engine\leveleditor\x64\debug\tab.obj
c:\users\jacob\documents\_dev\robotics\githubrepos\beta-level-editor\beta engine\leveleditor\x64\debug\gameobjectplacer.obj
c:\users\jacob\documents\_dev\robotics\githubrepos\beta-level-editor\beta engine\leveleditor\x64\debug\gameobjectbutton.obj
c:\users\jacob\documents\_dev\robotics\githubrepos\beta-level-editor\beta engine\leveleditor\x64\debug\leveleditor.pch
c:\users\jacob\documents\_dev\robotics\githubrepos\beta-level-editor\beta engine\leveleditor\x64\debug\stdafx.obj
c:\users\jacob\documents\_dev\robotics\githubrepos\beta-level-editor\beta engine\leveleditor\x64\debug\main.obj
c:\users\jacob\documents\_dev\robotics\githubrepos\beta-level-editor\beta engine\leveleditor\x64\debug\leveleditorlevel.obj
c:\users\jacob\documents\_dev\robotics\githubrepos\beta-level-editor\beta engine\leveleditor\x64\debug\cameramovement.obj
c:\users\jacob\documents\_dev\robotics\githubrepos\beta-level-editor\beta engine\leveleditor\x64\debug\leveleditor.exe
c:\users\jacob\documents\_dev\robotics\githubrepos\beta-level-editor\beta engine\leveleditor\x64\debug\leveleditor.ilk
c:\users\jacob\documents\_dev\robotics\githubrepos\beta-level-editor\beta engine\leveleditor\x64\debug\leveleditor.pdb
c:\users\jacob\documents\_dev\robotics\githubrepos\beta-level-editor\beta engine\leveleditor\x64\debug\resource.res
c:\users\jacob\documents\_dev\chrono-pause-v2\chrono-pause-v2\leveleditor\x64\debug\button.obj
c:\users\jacob\documents\_dev\chrono-pause-v2\chrono-pause-v2\leveleditor\x64\debug\cameramovement.obj
c:\users\jacob\documents\_dev\chrono-pause-v2\chrono-pause-v2\leveleditor\x64\debug\gameobjectbutton.obj
c:\users\jacob\documents\_dev\chrono-pause-v2\chrono-pause-v2\leveleditor\x64\debug\gameobjectplacer.obj
c:\users\jacob\documents\_dev\chrono-pause-v2\chrono-pause-v2\leveleditor\x64\debug\leveleditorlevel.obj
c:\users\jacob\documents\_dev\chrono-pause-v2\chrono-pause-v2\leveleditor\x64\debug\leveleditorui.obj
c:\users\jacob\documents\_dev\chrono-pause-v2\chrono-pause-v2\leveleditor\x64\debug\levelmanagerlevel.obj
c:\users\jacob\documents\_dev\chrono-pause-v2\chrono-pause-v2\leveleditor\x64\debug\main.obj
c:\users\jacob\documents\_dev\chrono-pause-v2\chrono-pause-v2\leveleditor\x64\debug\menu.obj
c:\users\jacob\documents\_dev\chrono-pause-v2\chrono-pause-v2\leveleditor\x64\debug\menucontroller.obj
c:\users\jacob\documents\_dev\chrono-pause-v2\chrono-pause-v2\leveleditor\x64\debug\stdafx.obj
c:\users\jacob\documents\_dev\chrono-pause-v2\chrono-pause-v2\leveleditor\x64\debug\tab.obj
c:\users\jacob\documents\_dev\chrono-pause-v2\chrono-pause-v2\leveleditor\x64\debug\tilebutton.obj
c:\users\jacob\documents\_dev\chrono-pause-v2\chrono-pause-v2\leveleditor\x64\debug\tilemapbrush.obj
c:\users\jacob\documents\_dev\chrono-pause-v2\chrono-pause-v2\leveleditor\x64\debug\leveleditor.ilk
c:\users\jacob\documents\_dev\chrono-pause-v2\chrono-pause-v2\leveleditor\x64\debug\resource.res
c:\users\jacob\documents\_dev\chrono-pause-v2\chrono-pause-v2\leveleditor\x64\debug\leveleditor.pch
c:\users\jacob\documents\_dev\chrono-pause-v2\chrono-pause-v2\leveleditor\x64\debug\vc141.idb
c:\users\jacob\documents\_dev\chrono-pause-v2\chrono-pause-v2\leveleditor\x64\debug\leveleditor.pdb
c:\users\jacob\documents\_dev\chrono-pause-v2\chrono-pause-v2\leveleditor\x64\debug\vc141.pdb
c:\users\jacob\documents\_dev\chrono-pause-v2\chrono-pause-v2\leveleditor\\x64\debug\leveleditor.pdb
c:\users\jacob\documents\_dev\chrono-pause-v2\chrono-pause-v2\leveleditor\\x64\debug\leveleditor.exe
c:\users\jacob\documents\_dev\chrono-pause-v2\chrono-pause-v2\leveleditor\\x64\debug\leveleditor.ilk
c:\users\jacob\documents\_dev\chrono-pause-v2\chrono-pause-v2\leveleditor\x64\debug\leveleditor.tlog\cl.command.1.tlog
c:\users\jacob\documents\_dev\chrono-pause-v2\chrono-pause-v2\leveleditor\x64\debug\leveleditor.tlog\cl.read.1.tlog
c:\users\jacob\documents\_dev\chrono-pause-v2\chrono-pause-v2\leveleditor\x64\debug\leveleditor.tlog\cl.write.1.tlog
c:\users\jacob\documents\_dev\chrono-pause-v2\chrono-pause-v2\leveleditor\x64\debug\leveleditor.tlog\link.command.1.tlog
c:\users\jacob\documents\_dev\chrono-pause-v2\chrono-pause-v2\leveleditor\x64\debug\leveleditor.tlog\link.read.1.tlog
c:\users\jacob\documents\_dev\chrono-pause-v2\chrono-pause-v2\leveleditor\x64\debug\leveleditor.tlog\link.write.1.tlog
c:\users\jacob\documents\_dev\chrono-pause-v2\chrono-pause-v2\leveleditor\x64\debug\leveleditor.tlog\rc.command.1.tlog
c:\users\jacob\documents\_dev\chrono-pause-v2\chrono-pause-v2\leveleditor\x64\debug\leveleditor.tlog\rc.read.1.tlog
c:\users\jacob\documents\_dev\chrono-pause-v2\chrono-pause-v2\leveleditor\x64\debug\leveleditor.tlog\rc.write.1.tlog
